Using pre-set license
Built from '2020.3/release' branch; Version is '2020.3.15f2 (6cf78cb77498) revision 7141260'; Using compiler version '192528614'; Build Type 'Release'
OS: 'Windows 10 Pro; OS build 19042.1237; Version 2009; 64bit' Language: 'es' Physical Memory: 16299 MB
BatchMode: 1, IsHumanControllingUs: 0, StartBugReporterOnCrash: 0, Is64bit: 1, IsPro: 0

 COMMAND LINE ARGUMENTS:
C:\Program Files\Unity\Editor\Unity.exe
-adb2
-batchMode
-noUpm
-name
AssetImportWorker0
-projectPath
E:/Unity/Programacion_de_Sistemas_de_Juegos/PSJ_Proyecto_Individual
-logFile
Logs/AssetImportWorker0.log
-srvPort
53116
Successfully changed project path to: E:/Unity/Programacion_de_Sistemas_de_Juegos/PSJ_Proyecto_Individual
E:/Unity/Programacion_de_Sistemas_de_Juegos/PSJ_Proyecto_Individual
Using Asset Import Pipeline V2.
Refreshing native plugins compatible for Editor in 55.38 ms, found 3 plugins.
Preloading 0 native plugins for Editor in 0.00 ms.
Initialize engine version: 2020.3.15f2 (6cf78cb77498)
[Subsystems] Discovering subsystems at path C:/Program Files/Unity/Editor/Data/Resources/UnitySubsystems
[Subsystems] Discovering subsystems at path E:/Unity/Programacion_de_Sistemas_de_Juegos/PSJ_Proyecto_Individual/Assets
GfxDevice: creating device client; threaded=0
Direct3D:
    Version:  Direct3D 11.0 [level 11.1]
    Renderer: AMD Radeon RX 5700 XT (ID=0x731f)
    Vendor:   
    VRAM:     8151 MB
    Driver:   27.20.22001.14011
Shader 'Universal Render Pipeline/Particles/Lit': fallback shader 'Universal Render Pipeline/Particles/SimpleLit' not found
Initialize mono
Mono path[0] = 'C:/Program Files/Unity/Editor/Data/Managed'
Mono path[1] = 'C:/Program Files/Unity/Editor/Data/MonoBleedingEdge/lib/mono/unityjit'
Mono config path = 'C:/Program Files/Unity/Editor/Data/MonoBleedingEdge/etc'
Using monoOptions --debugger-agent=transport=dt_socket,embedding=1,server=y,suspend=n,address=127.0.0.1:56156
Begin MonoManager ReloadAssembly
Registering precompiled unity dll's ...
Register platform support module: C:/Program Files/Unity/Editor/Data/PlaybackEngines/WindowsStandaloneSupport/UnityEditor.WindowsStandalone.Extensions.dll
Registered in 0.001429 seconds.
Native extension for WindowsStandalone target not found
Refreshing native plugins compatible for Editor in 56.51 ms, found 3 plugins.
Preloading 0 native plugins for Editor in 0.00 ms.
Mono: successfully reloaded assembly
- Completed reload, in  0.760 seconds
Domain Reload Profiling:
	ReloadAssembly (761ms)
		BeginReloadAssembly (38ms)
			ExecutionOrderSort (0ms)
			DisableScriptedObjects (0ms)
			BackupInstance (0ms)
			ReleaseScriptingObjects (0ms)
			CreateAndSetChildDomain (1ms)
		EndReloadAssembly (333ms)
			LoadAssemblies (36ms)
			RebuildTransferFunctionScriptingTraits (0ms)
			SetupTypeCache (113ms)
			ReleaseScriptCaches (0ms)
			RebuildScriptCaches (23ms)
			SetupLoadedEditorAssemblies (145ms)
				LogAssemblyErrors (0ms)
				InitializePlatformSupportModulesInManaged (3ms)
				SetLoadedEditorAssemblies (0ms)
				RefreshPlugins (57ms)
				BeforeProcessingInitializeOnLoad (10ms)
				ProcessInitializeOnLoadAttributes (56ms)
				ProcessInitializeOnLoadMethodAttributes (19ms)
				AfterProcessingInitializeOnLoad (0ms)
				EditorAssembliesLoaded (0ms)
			ExecutionOrderSort2 (0ms)
			AwakeInstancesAfterBackupRestoration (0ms)
Platform modules already initialized, skipping
Registering precompiled user dll's ...
Registered in 0.002477 seconds.
Begin MonoManager ReloadAssembly
Native extension for WindowsStandalone target not found
Refreshing native plugins compatible for Editor in 56.87 ms, found 3 plugins.
Preloading 0 native plugins for Editor in 0.00 ms.
Mono: successfully reloaded assembly
- Completed reload, in  1.013 seconds
Domain Reload Profiling:
	ReloadAssembly (1013ms)
		BeginReloadAssembly (113ms)
			ExecutionOrderSort (0ms)
			DisableScriptedObjects (4ms)
			BackupInstance (0ms)
			ReleaseScriptingObjects (0ms)
			CreateAndSetChildDomain (16ms)
		EndReloadAssembly (851ms)
			LoadAssemblies (68ms)
			RebuildTransferFunctionScriptingTraits (0ms)
			SetupTypeCache (257ms)
			ReleaseScriptCaches (1ms)
			RebuildScriptCaches (47ms)
			SetupLoadedEditorAssemblies (377ms)
				LogAssemblyErrors (0ms)
				InitializePlatformSupportModulesInManaged (3ms)
				SetLoadedEditorAssemblies (0ms)
				RefreshPlugins (57ms)
				BeforeProcessingInitializeOnLoad (84ms)
				ProcessInitializeOnLoadAttributes (219ms)
				ProcessInitializeOnLoadMethodAttributes (9ms)
				AfterProcessingInitializeOnLoad (5ms)
				EditorAssembliesLoaded (0ms)
			ExecutionOrderSort2 (0ms)
			AwakeInstancesAfterBackupRestoration (4ms)
Platform modules already initialized, skipping
========================================================================
Worker process is ready to serve import requests
Shader 'Universal Render Pipeline/Particles/Lit': fallback shader 'Universal Render Pipeline/Particles/SimpleLit' not found
Launched and connected shader compiler UnityShaderCompiler.exe after 0.04 seconds
Refreshing native plugins compatible for Editor in 0.76 ms, found 3 plugins.
Preloading 0 native plugins for Editor in 0.00 ms.
Unloading 3460 Unused Serialized files (Serialized files now loaded: 0)
System memory in use before: 221.5 MB.
System memory in use after: 221.7 MB.

Unloading 30 unused Assets to reduce memory usage. Loaded Objects now: 3905.
Total: 2.781800 ms (FindLiveObjects: 0.318100 ms CreateObjectMapping: 0.097100 ms MarkObjects: 2.292900 ms  DeleteObjects: 0.072800 ms)

AssetImportParameters requested are different than current active one (requested -> active):
  custom:framework-win-MediaFoundation: 216162199b28c13a410421893ffa2e32 -> 
  custom:video-decoder-ogg-theora: a1e56fd34408186e4bbccfd4996cb3dc -> 
  custom:container-muxer-webm: aa71ff27fc2769a1b78a27578f13a17b -> 
  custom:container-demuxer-webm: 4f35f7cbe854078d1ac9338744f61a02 -> 
  custom:container-demuxer-ogg: 62fdf1f143b41e24485cea50d1cbac27 -> 
  custom:video-encoder-webm-vp8: eb34c28f22e8b96e1ab97ce403110664 -> 
  custom:video-decoder-webm-vp8: 9c59270c3fd7afecdb556c50c9e8de78 -> 
  custom:audio-decoder-ogg-vorbis: bf7c407c2cedff20999df2af8eb42d56 -> 
  custom:audio-encoder-webm-vorbis: bf7c407c2cedff20999df2af8eb42d56 -> 
========================================================================
Received Import Request.
  path: Assets/_Main/Scripts/OldScrips
  artifactKey: Guid(982e770358d860749aa66eae54b08067) Importer(815301076,1909f56bfc062723c751e8b465ee728b)
Start importing Assets/_Main/Scripts/OldScrips using Guid(982e770358d860749aa66eae54b08067) Importer(815301076,1909f56bfc062723c751e8b465ee728b)  -> (artifact id: 'f42911658356075fe313c0ed1517fc90') in 0.008340 seconds 
  Import took 0.012855 seconds .

========================================================================
Received Import Request.
  Time since last request: 0.000186 seconds.
  path: Assets/_Main/Scripts/AutoDestroy.cs
  artifactKey: Guid(3b5821268f153324e9780d17dd445428) Importer(815301076,1909f56bfc062723c751e8b465ee728b)
Start importing Assets/_Main/Scripts/AutoDestroy.cs using Guid(3b5821268f153324e9780d17dd445428) Importer(815301076,1909f56bfc062723c751e8b465ee728b)  -> (artifact id: '4ad75d1c5d0ed12cf9909f70f257fd35') in 0.016246 seconds 
  Import took 0.020944 seconds .

========================================================================
Received Import Request.
  Time since last request: 79.208779 seconds.
  path: Assets/_Main/Scripts/Menu
  artifactKey: Guid(5a920a8418b53ee4891b00aec31d1f32) Importer(815301076,1909f56bfc062723c751e8b465ee728b)
Start importing Assets/_Main/Scripts/Menu using Guid(5a920a8418b53ee4891b00aec31d1f32) Importer(815301076,1909f56bfc062723c751e8b465ee728b)  -> (artifact id: 'e05099eb9cad943c31f321c54344c24e') in 0.006036 seconds 
  Import took 0.010963 seconds .

========================================================================
Received Import Request.
  Time since last request: 1.664515 seconds.
  path: Assets/_Main/Scripts/Floater.cs
  artifactKey: Guid(bf4eaa60a4ecad54994eb2ed78568cf6) Importer(815301076,1909f56bfc062723c751e8b465ee728b)
Start importing Assets/_Main/Scripts/Floater.cs using Guid(bf4eaa60a4ecad54994eb2ed78568cf6) Importer(815301076,1909f56bfc062723c751e8b465ee728b)  -> (artifact id: '6b93494836172dea1f623a8ae701ba1f') in 0.005272 seconds 
  Import took 0.009885 seconds .

========================================================================
Received Import Request.
  Time since last request: 1.931881 seconds.
  path: Assets/_Main/Scripts/HeadKillJump.cs
  artifactKey: Guid(adcdacf40b2ca2349b44077840f79289) Importer(815301076,1909f56bfc062723c751e8b465ee728b)
Start importing Assets/_Main/Scripts/HeadKillJump.cs using Guid(adcdacf40b2ca2349b44077840f79289) Importer(815301076,1909f56bfc062723c751e8b465ee728b)  -> (artifact id: '187478445c52e54380a465731f943379') in 0.005285 seconds 
  Import took 0.010057 seconds .

========================================================================
Received Import Request.
  Time since last request: 0.000448 seconds.
  path: Assets/_Main/Scripts/HeadKillJump.cs
  artifactKey: Guid(adcdacf40b2ca2349b44077840f79289) Importer(815301076,1909f56bfc062723c751e8b465ee728b)
Start importing Assets/_Main/Scripts/HeadKillJump.cs using Guid(adcdacf40b2ca2349b44077840f79289) Importer(815301076,1909f56bfc062723c751e8b465ee728b)  -> (artifact id: '187478445c52e54380a465731f943379') in 0.002309 seconds 
  Import took 0.007548 seconds .

========================================================================
Received Import Request.
  Time since last request: 1.401186 seconds.
  path: Assets/_Main/Scripts/InstantDeath.cs
  artifactKey: Guid(126166bf6bfa3384ab45270b2c75b00d) Importer(815301076,1909f56bfc062723c751e8b465ee728b)
Start importing Assets/_Main/Scripts/InstantDeath.cs using Guid(126166bf6bfa3384ab45270b2c75b00d) Importer(815301076,1909f56bfc062723c751e8b465ee728b)  -> (artifact id: '993636793c0468cac3142bbc9a1f68eb') in 0.005895 seconds 
  Import took 0.010958 seconds .

========================================================================
Received Import Request.
  Time since last request: 10.651386 seconds.
  path: Assets/_Main/Scripts/EnemyPatrol2.cs
  artifactKey: Guid(ece1dcc9c230b4d479dd09b54054377a) Importer(815301076,1909f56bfc062723c751e8b465ee728b)
Start importing Assets/_Main/Scripts/EnemyPatrol2.cs using Guid(ece1dcc9c230b4d479dd09b54054377a) Importer(815301076,1909f56bfc062723c751e8b465ee728b)  -> (artifact id: '6f80b2cdfb3ed992f672ea803b192de8') in 0.005440 seconds 
  Import took 0.010198 seconds .

========================================================================
Received Import Request.
  Time since last request: 4.264696 seconds.
  path: Assets/_Main/Scripts/DeathController.cs
  artifactKey: Guid(afc181453309ba0488e85878c7af65f4) Importer(815301076,1909f56bfc062723c751e8b465ee728b)
Start importing Assets/_Main/Scripts/DeathController.cs using Guid(afc181453309ba0488e85878c7af65f4) Importer(815301076,1909f56bfc062723c751e8b465ee728b)  -> (artifact id: '2a7c4d49e35e82835332f8e7713feec9') in 0.004306 seconds 
  Import took 0.008855 seconds .

========================================================================
Received Import Request.
  Time since last request: 0.003491 seconds.
  path: Assets/_Main/Scripts/DeathController.cs
  artifactKey: Guid(afc181453309ba0488e85878c7af65f4) Importer(815301076,1909f56bfc062723c751e8b465ee728b)
Start importing Assets/_Main/Scripts/DeathController.cs using Guid(afc181453309ba0488e85878c7af65f4) Importer(815301076,1909f56bfc062723c751e8b465ee728b)  -> (artifact id: '2a7c4d49e35e82835332f8e7713feec9') in 0.001324 seconds 
  Import took 0.005209 seconds .

========================================================================
Received Prepare
Registering precompiled user dll's ...
Registered in 0.002701 seconds.
Begin MonoManager ReloadAssembly
Native extension for WindowsStandalone target not found
Refreshing native plugins compatible for Editor in 0.88 ms, found 3 plugins.
Preloading 0 native plugins for Editor in 0.00 ms.
Mono: successfully reloaded assembly
- Completed reload, in  0.918 seconds
Domain Reload Profiling:
	ReloadAssembly (919ms)
		BeginReloadAssembly (89ms)
			ExecutionOrderSort (0ms)
			DisableScriptedObjects (4ms)
			BackupInstance (0ms)
			ReleaseScriptingObjects (0ms)
			CreateAndSetChildDomain (31ms)
		EndReloadAssembly (779ms)
			LoadAssemblies (67ms)
			RebuildTransferFunctionScriptingTraits (0ms)
			SetupTypeCache (259ms)
			ReleaseScriptCaches (2ms)
			RebuildScriptCaches (48ms)
			SetupLoadedEditorAssemblies (308ms)
				LogAssemblyErrors (0ms)
				InitializePlatformSupportModulesInManaged (4ms)
				SetLoadedEditorAssemblies (0ms)
				RefreshPlugins (1ms)
				BeforeProcessingInitializeOnLoad (89ms)
				ProcessInitializeOnLoadAttributes (205ms)
				ProcessInitializeOnLoadMethodAttributes (4ms)
				AfterProcessingInitializeOnLoad (5ms)
				EditorAssembliesLoaded (0ms)
			ExecutionOrderSort2 (0ms)
			AwakeInstancesAfterBackupRestoration (10ms)
Platform modules already initialized, skipping
Shader 'Universal Render Pipeline/Particles/Lit': fallback shader 'Universal Render Pipeline/Particles/SimpleLit' not found
Refreshing native plugins compatible for Editor in 0.71 ms, found 3 plugins.
Preloading 0 native plugins for Editor in 0.00 ms.
Unloading 3334 Unused Serialized files (Serialized files now loaded: 0)
System memory in use before: 213.0 MB.
System memory in use after: 213.2 MB.

Unloading 19 unused Assets to reduce memory usage. Loaded Objects now: 3908.
Total: 2.563500 ms (FindLiveObjects: 0.312100 ms CreateObjectMapping: 0.099700 ms MarkObjects: 2.135800 ms  DeleteObjects: 0.015200 ms)

AssetImportParameters requested are different than current active one (requested -> active):
  custom:framework-win-MediaFoundation: 216162199b28c13a410421893ffa2e32 -> 
  custom:video-decoder-ogg-theora: a1e56fd34408186e4bbccfd4996cb3dc -> 
  custom:container-muxer-webm: aa71ff27fc2769a1b78a27578f13a17b -> 
  custom:container-demuxer-webm: 4f35f7cbe854078d1ac9338744f61a02 -> 
  custom:container-demuxer-ogg: 62fdf1f143b41e24485cea50d1cbac27 -> 
  custom:video-encoder-webm-vp8: eb34c28f22e8b96e1ab97ce403110664 -> 
  custom:video-decoder-webm-vp8: 9c59270c3fd7afecdb556c50c9e8de78 -> 
  custom:audio-decoder-ogg-vorbis: bf7c407c2cedff20999df2af8eb42d56 -> 
  custom:audio-encoder-webm-vorbis: bf7c407c2cedff20999df2af8eb42d56 -> 
========================================================================
Received Import Request.
  Time since last request: 10.511404 seconds.
  path: Assets/_Main/Scripts/EnemyManager.cs
  artifactKey: Guid(c59bfdbc148326e49b62c226eae68ca5) Importer(815301076,1909f56bfc062723c751e8b465ee728b)
Start importing Assets/_Main/Scripts/EnemyManager.cs using Guid(c59bfdbc148326e49b62c226eae68ca5) Importer(815301076,1909f56bfc062723c751e8b465ee728b)  -> (artifact id: 'e927e326fb66d581547bcfe6760aaf3a') in 0.007726 seconds 
  Import took 0.012052 seconds .

========================================================================
Received Import Request.
  Time since last request: 0.000149 seconds.
  path: Assets/_Main/Scripts/EnemyStaticController.cs
  artifactKey: Guid(825d38af93cd3d64ca6ad43f2b9408e4) Importer(815301076,1909f56bfc062723c751e8b465ee728b)
Start importing Assets/_Main/Scripts/EnemyStaticController.cs using Guid(825d38af93cd3d64ca6ad43f2b9408e4) Importer(815301076,1909f56bfc062723c751e8b465ee728b)  -> (artifact id: '98341168ad8f86b2faea90e607ef98f0') in 0.004610 seconds 
  Import took 0.009256 seconds .

========================================================================
Received Prepare
Registering precompiled user dll's ...
Registered in 0.003100 seconds.
Begin MonoManager ReloadAssembly
Native extension for WindowsStandalone target not found
Refreshing native plugins compatible for Editor in 0.72 ms, found 3 plugins.
Preloading 0 native plugins for Editor in 0.00 ms.
Mono: successfully reloaded assembly
- Completed reload, in  0.935 seconds
Domain Reload Profiling:
	ReloadAssembly (935ms)
		BeginReloadAssembly (100ms)
			ExecutionOrderSort (0ms)
			DisableScriptedObjects (5ms)
			BackupInstance (0ms)
			ReleaseScriptingObjects (0ms)
			CreateAndSetChildDomain (32ms)
		EndReloadAssembly (777ms)
			LoadAssemblies (74ms)
			RebuildTransferFunctionScriptingTraits (0ms)
			SetupTypeCache (255ms)
			ReleaseScriptCaches (2ms)
			RebuildScriptCaches (47ms)
			SetupLoadedEditorAssemblies (310ms)
				LogAssemblyErrors (0ms)
				InitializePlatformSupportModulesInManaged (4ms)
				SetLoadedEditorAssemblies (0ms)
				RefreshPlugins (1ms)
				BeforeProcessingInitializeOnLoad (89ms)
				ProcessInitializeOnLoadAttributes (208ms)
				ProcessInitializeOnLoadMethodAttributes (4ms)
				AfterProcessingInitializeOnLoad (5ms)
				EditorAssembliesLoaded (0ms)
			ExecutionOrderSort2 (0ms)
			AwakeInstancesAfterBackupRestoration (10ms)
Platform modules already initialized, skipping
Shader 'Universal Render Pipeline/Particles/Lit': fallback shader 'Universal Render Pipeline/Particles/SimpleLit' not found
Refreshing native plugins compatible for Editor in 0.79 ms, found 3 plugins.
Preloading 0 native plugins for Editor in 0.00 ms.
Unloading 3334 Unused Serialized files (Serialized files now loaded: 0)
System memory in use before: 213.0 MB.
System memory in use after: 213.3 MB.

Unloading 19 unused Assets to reduce memory usage. Loaded Objects now: 3911.
Total: 2.641700 ms (FindLiveObjects: 0.273600 ms CreateObjectMapping: 0.081000 ms MarkObjects: 2.267500 ms  DeleteObjects: 0.018600 ms)

AssetImportParameters requested are different than current active one (requested -> active):
  custom:framework-win-MediaFoundation: 216162199b28c13a410421893ffa2e32 -> 
  custom:video-decoder-ogg-theora: a1e56fd34408186e4bbccfd4996cb3dc -> 
  custom:container-muxer-webm: aa71ff27fc2769a1b78a27578f13a17b -> 
  custom:container-demuxer-webm: 4f35f7cbe854078d1ac9338744f61a02 -> 
  custom:container-demuxer-ogg: 62fdf1f143b41e24485cea50d1cbac27 -> 
  custom:video-encoder-webm-vp8: eb34c28f22e8b96e1ab97ce403110664 -> 
  custom:video-decoder-webm-vp8: 9c59270c3fd7afecdb556c50c9e8de78 -> 
  custom:audio-decoder-ogg-vorbis: bf7c407c2cedff20999df2af8eb42d56 -> 
  custom:audio-encoder-webm-vorbis: bf7c407c2cedff20999df2af8eb42d56 -> 
========================================================================
Received Import Request.
  Time since last request: 5.718650 seconds.
  path: Assets/_Main/Scripts/EnemyController.cs
  artifactKey: Guid(4f167390376d7b0418c648ef11c8bd78) Importer(815301076,1909f56bfc062723c751e8b465ee728b)
Start importing Assets/_Main/Scripts/EnemyController.cs using Guid(4f167390376d7b0418c648ef11c8bd78) Importer(815301076,1909f56bfc062723c751e8b465ee728b)  -> (artifact id: '5b65574f8415c330ea22535b8450e1cf') in 0.007790 seconds 
  Import took 0.012137 seconds .

========================================================================
Received Import Request.
  Time since last request: 0.147018 seconds.
  path: Assets/_Main/Scripts/PlayerController.cs
  artifactKey: Guid(75c0c173e30cdfc48b6d97889b2d7817) Importer(815301076,1909f56bfc062723c751e8b465ee728b)
Start importing Assets/_Main/Scripts/PlayerController.cs using Guid(75c0c173e30cdfc48b6d97889b2d7817) Importer(815301076,1909f56bfc062723c751e8b465ee728b)  -> (artifact id: 'bfffb9f5cd3b9ac929261db2fb825ebf') in 0.004363 seconds 
  Import took 0.008870 seconds .

AssetImportWorkerClient::OnTransportError - code=2 error=End of file
